  BVH.cpp
C:\Users\Xinyue54321\source\repos\zuoye2\zuoye8\global.hpp(19,46): warning C4244: “=”: 从“double”转换到“float”，可能丢失数据
C:\Users\Xinyue54321\source\repos\zuoye2\zuoye8\global.hpp(21,17): warning C4244: “初始化”: 从“double”转换到“float”，可能丢失数据
C:\Users\Xinyue54321\source\repos\zuoye2\zuoye8\global.hpp(45,13): warning C4244: “初始化”: 从“float”转换到“int”，可能丢失数据
C:\Users\Xinyue54321\source\repos\zuoye2\zuoye8\Ray.hpp(16,68): warning C4244: “参数”: 从“double”转换到“float”，可能丢失数据
C:\Users\Xinyue54321\source\repos\zuoye2\zuoye8\Ray.hpp(16,52): warning C4244: “参数”: 从“double”转换到“float”，可能丢失数据
C:\Users\Xinyue54321\source\repos\zuoye2\zuoye8\Ray.hpp(16,36): warning C4244: “参数”: 从“double”转换到“float”，可能丢失数据
C:\Users\Xinyue54321\source\repos\zuoye2\zuoye8\Ray.hpp(22,65): warning C4244: “参数”: 从“double”转换到“const float”，可能丢失数据
C:\Users\Xinyue54321\source\repos\zuoye2\zuoye8\Bounds3.hpp(20,41): warning C4244: “参数”: 从“double”转换到“float”，可能丢失数据
C:\Users\Xinyue54321\source\repos\zuoye2\zuoye8\Bounds3.hpp(20,33): warning C4244: “参数”: 从“double”转换到“float”，可能丢失数据
C:\Users\Xinyue54321\source\repos\zuoye2\zuoye8\Bounds3.hpp(20,25): warning C4244: “参数”: 从“double”转换到“float”，可能丢失数据
C:\Users\Xinyue54321\source\repos\zuoye2\zuoye8\Bounds3.hpp(21,41): warning C4244: “参数”: 从“double”转换到“float”，可能丢失数据
C:\Users\Xinyue54321\source\repos\zuoye2\zuoye8\Bounds3.hpp(21,33): warning C4244: “参数”: 从“double”转换到“float”，可能丢失数据
C:\Users\Xinyue54321\source\repos\zuoye2\zuoye8\Bounds3.hpp(21,25): warning C4244: “参数”: 从“double”转换到“float”，可能丢失数据
C:\Users\Xinyue54321\source\repos\zuoye2\zuoye8\Material.hpp(125,11): warning C4305: “=”: 从“double”到“float”截断
C:\Users\Xinyue54321\source\repos\zuoye2\zuoye8\Material.hpp(243,41): warning C4305: “参数”: 从“double”到“float”截断
C:\Users\Xinyue54321\source\repos\zuoye2\zuoye8\Material.hpp(243,35): warning C4305: “参数”: 从“double”到“float”截断
C:\Users\Xinyue54321\source\repos\zuoye2\zuoye8\Material.hpp(243,29): warning C4305: “参数”: 从“double”到“float”截断
C:\Users\Xinyue54321\source\repos\zuoye2\zuoye8\Material.hpp(245,59): warning C4244: “参数”: 从“double”转换到“const float”，可能丢失数据
  Renderer.cpp
C:\Users\Xinyue54321\source\repos\zuoye2\zuoye8\global.hpp(19,46): warning C4244: “=”: 从“double”转换到“float”，可能丢失数据
C:\Users\Xinyue54321\source\repos\zuoye2\zuoye8\global.hpp(21,17): warning C4244: “初始化”: 从“double”转换到“float”，可能丢失数据
C:\Users\Xinyue54321\source\repos\zuoye2\zuoye8\global.hpp(45,13): warning C4244: “初始化”: 从“float”转换到“int”，可能丢失数据
C:\Users\Xinyue54321\source\repos\zuoye2\zuoye8\Ray.hpp(16,68): warning C4244: “参数”: 从“double”转换到“float”，可能丢失数据
C:\Users\Xinyue54321\source\repos\zuoye2\zuoye8\Ray.hpp(16,52): warning C4244: “参数”: 从“double”转换到“float”，可能丢失数据
C:\Users\Xinyue54321\source\repos\zuoye2\zuoye8\Ray.hpp(16,36): warning C4244: “参数”: 从“double”转换到“float”，可能丢失数据
C:\Users\Xinyue54321\source\repos\zuoye2\zuoye8\Ray.hpp(22,65): warning C4244: “参数”: 从“double”转换到“const float”，可能丢失数据
C:\Users\Xinyue54321\source\repos\zuoye2\zuoye8\Bounds3.hpp(20,41): warning C4244: “参数”: 从“double”转换到“float”，可能丢失数据
C:\Users\Xinyue54321\source\repos\zuoye2\zuoye8\Bounds3.hpp(20,33): warning C4244: “参数”: 从“double”转换到“float”，可能丢失数据
C:\Users\Xinyue54321\source\repos\zuoye2\zuoye8\Bounds3.hpp(20,25): warning C4244: “参数”: 从“double”转换到“float”，可能丢失数据
C:\Users\Xinyue54321\source\repos\zuoye2\zuoye8\Bounds3.hpp(21,41): warning C4244: “参数”: 从“double”转换到“float”，可能丢失数据
C:\Users\Xinyue54321\source\repos\zuoye2\zuoye8\Bounds3.hpp(21,33): warning C4244: “参数”: 从“double”转换到“float”，可能丢失数据
C:\Users\Xinyue54321\source\repos\zuoye2\zuoye8\Bounds3.hpp(21,25): warning C4244: “参数”: 从“double”转换到“float”，可能丢失数据
C:\Users\Xinyue54321\source\repos\zuoye2\zuoye8\Material.hpp(125,11): warning C4305: “=”: 从“double”到“float”截断
C:\Users\Xinyue54321\source\repos\zuoye2\zuoye8\Material.hpp(243,41): warning C4305: “参数”: 从“double”到“float”截断
C:\Users\Xinyue54321\source\repos\zuoye2\zuoye8\Material.hpp(243,35): warning C4305: “参数”: 从“double”到“float”截断
C:\Users\Xinyue54321\source\repos\zuoye2\zuoye8\Material.hpp(243,29): warning C4305: “参数”: 从“double”到“float”截断
C:\Users\Xinyue54321\source\repos\zuoye2\zuoye8\Material.hpp(245,59): warning C4244: “参数”: 从“double”转换到“const float”，可能丢失数据
C:\Users\Xinyue54321\source\repos\zuoye2\zuoye8\Scene.hpp(23,60): warning C4305: “参数”: 从“double”到“float”截断
C:\Users\Xinyue54321\source\repos\zuoye2\zuoye8\Scene.hpp(23,51): warning C4305: “参数”: 从“double”到“float”截断
C:\Users\Xinyue54321\source\repos\zuoye2\zuoye8\Scene.hpp(23,41): warning C4305: “参数”: 从“double”到“float”截断
C:\Users\Xinyue54321\source\repos\zuoye2\zuoye8\Scene.hpp(25,29): warning C4305: “初始化”: 从“double”到“float”截断
C:\Users\Xinyue54321\source\repos\zuoye2\zuoye8\Renderer.cpp(13,60): warning C4244: “return”: 从“double”转换到“float”，可能丢失数据
C:\Users\Xinyue54321\source\repos\zuoye2\zuoye8\Renderer.cpp(15,23): warning C4305: “初始化”: 从“double”到“float”截断
C:\Users\Xinyue54321\source\repos\zuoye2\zuoye8\Renderer.cpp(24,41): warning C4244: “参数”: 从“double”转换到“const float”，可能丢失数据
C:\Users\Xinyue54321\source\repos\zuoye2\zuoye8\Renderer.cpp(32,28): warning C4018: “<”: 有符号/无符号不匹配
C:\Users\Xinyue54321\source\repos\zuoye2\zuoye8\Renderer.cpp(33,32): warning C4018: “<”: 有符号/无符号不匹配
C:\Users\Xinyue54321\source\repos\zuoye2\zuoye8\Renderer.cpp(64,41): warning C4244: “参数”: 从“int”转换到“const float”，可能丢失数据
  Scene.cpp
C:\Users\Xinyue54321\source\repos\zuoye2\zuoye8\global.hpp(19,46): warning C4244: “=”: 从“double”转换到“float”，可能丢失数据
C:\Users\Xinyue54321\source\repos\zuoye2\zuoye8\global.hpp(21,17): warning C4244: “初始化”: 从“double”转换到“float”，可能丢失数据
C:\Users\Xinyue54321\source\repos\zuoye2\zuoye8\global.hpp(45,13): warning C4244: “初始化”: 从“float”转换到“int”，可能丢失数据
C:\Users\Xinyue54321\source\repos\zuoye2\zuoye8\Ray.hpp(16,68): warning C4244: “参数”: 从“double”转换到“float”，可能丢失数据
C:\Users\Xinyue54321\source\repos\zuoye2\zuoye8\Ray.hpp(16,52): warning C4244: “参数”: 从“double”转换到“float”，可能丢失数据
C:\Users\Xinyue54321\source\repos\zuoye2\zuoye8\Ray.hpp(16,36): warning C4244: “参数”: 从“double”转换到“float”，可能丢失数据
C:\Users\Xinyue54321\source\repos\zuoye2\zuoye8\Ray.hpp(22,65): warning C4244: “参数”: 从“double”转换到“const float”，可能丢失数据
C:\Users\Xinyue54321\source\repos\zuoye2\zuoye8\Bounds3.hpp(20,41): warning C4244: “参数”: 从“double”转换到“float”，可能丢失数据
C:\Users\Xinyue54321\source\repos\zuoye2\zuoye8\Bounds3.hpp(20,33): warning C4244: “参数”: 从“double”转换到“float”，可能丢失数据
C:\Users\Xinyue54321\source\repos\zuoye2\zuoye8\Bounds3.hpp(20,25): warning C4244: “参数”: 从“double”转换到“float”，可能丢失数据
C:\Users\Xinyue54321\source\repos\zuoye2\zuoye8\Bounds3.hpp(21,41): warning C4244: “参数”: 从“double”转换到“float”，可能丢失数据
C:\Users\Xinyue54321\source\repos\zuoye2\zuoye8\Bounds3.hpp(21,33): warning C4244: “参数”: 从“double”转换到“float”，可能丢失数据
C:\Users\Xinyue54321\source\repos\zuoye2\zuoye8\Bounds3.hpp(21,25): warning C4244: “参数”: 从“double”转换到“float”，可能丢失数据
C:\Users\Xinyue54321\source\repos\zuoye2\zuoye8\Material.hpp(125,11): warning C4305: “=”: 从“double”到“float”截断
C:\Users\Xinyue54321\source\repos\zuoye2\zuoye8\Material.hpp(243,41): warning C4305: “参数”: 从“double”到“float”截断
C:\Users\Xinyue54321\source\repos\zuoye2\zuoye8\Material.hpp(243,35): warning C4305: “参数”: 从“double”到“float”截断
C:\Users\Xinyue54321\source\repos\zuoye2\zuoye8\Material.hpp(243,29): warning C4305: “参数”: 从“double”到“float”截断
C:\Users\Xinyue54321\source\repos\zuoye2\zuoye8\Material.hpp(245,59): warning C4244: “参数”: 从“double”转换到“const float”，可能丢失数据
C:\Users\Xinyue54321\source\repos\zuoye2\zuoye8\Scene.hpp(23,60): warning C4305: “参数”: 从“double”到“float”截断
C:\Users\Xinyue54321\source\repos\zuoye2\zuoye8\Scene.hpp(23,51): warning C4305: “参数”: 从“double”到“float”截断
C:\Users\Xinyue54321\source\repos\zuoye2\zuoye8\Scene.hpp(23,41): warning C4305: “参数”: 从“double”到“float”截断
C:\Users\Xinyue54321\source\repos\zuoye2\zuoye8\Scene.hpp(25,29): warning C4305: “初始化”: 从“double”到“float”截断
  main.cpp
C:\Users\Xinyue54321\source\repos\zuoye2\zuoye8\global.hpp(19,46): warning C4244: “=”: 从“double”转换到“float”，可能丢失数据
C:\Users\Xinyue54321\source\repos\zuoye2\zuoye8\global.hpp(21,17): warning C4244: “初始化”: 从“double”转换到“float”，可能丢失数据
C:\Users\Xinyue54321\source\repos\zuoye2\zuoye8\global.hpp(45,13): warning C4244: “初始化”: 从“float”转换到“int”，可能丢失数据
C:\Users\Xinyue54321\source\repos\zuoye2\zuoye8\Ray.hpp(16,68): warning C4244: “参数”: 从“double”转换到“float”，可能丢失数据
C:\Users\Xinyue54321\source\repos\zuoye2\zuoye8\Ray.hpp(16,52): warning C4244: “参数”: 从“double”转换到“float”，可能丢失数据
C:\Users\Xinyue54321\source\repos\zuoye2\zuoye8\Ray.hpp(16,36): warning C4244: “参数”: 从“double”转换到“float”，可能丢失数据
C:\Users\Xinyue54321\source\repos\zuoye2\zuoye8\Ray.hpp(22,65): warning C4244: “参数”: 从“double”转换到“const float”，可能丢失数据
C:\Users\Xinyue54321\source\repos\zuoye2\zuoye8\Bounds3.hpp(20,41): warning C4244: “参数”: 从“double”转换到“float”，可能丢失数据
C:\Users\Xinyue54321\source\repos\zuoye2\zuoye8\Bounds3.hpp(20,33): warning C4244: “参数”: 从“double”转换到“float”，可能丢失数据
C:\Users\Xinyue54321\source\repos\zuoye2\zuoye8\Bounds3.hpp(20,25): warning C4244: “参数”: 从“double”转换到“float”，可能丢失数据
C:\Users\Xinyue54321\source\repos\zuoye2\zuoye8\Bounds3.hpp(21,41): warning C4244: “参数”: 从“double”转换到“float”，可能丢失数据
C:\Users\Xinyue54321\source\repos\zuoye2\zuoye8\Bounds3.hpp(21,33): warning C4244: “参数”: 从“double”转换到“float”，可能丢失数据
C:\Users\Xinyue54321\source\repos\zuoye2\zuoye8\Bounds3.hpp(21,25): warning C4244: “参数”: 从“double”转换到“float”，可能丢失数据
C:\Users\Xinyue54321\source\repos\zuoye2\zuoye8\Material.hpp(125,11): warning C4305: “=”: 从“double”到“float”截断
C:\Users\Xinyue54321\source\repos\zuoye2\zuoye8\Material.hpp(243,41): warning C4305: “参数”: 从“double”到“float”截断
C:\Users\Xinyue54321\source\repos\zuoye2\zuoye8\Material.hpp(243,35): warning C4305: “参数”: 从“double”到“float”截断
C:\Users\Xinyue54321\source\repos\zuoye2\zuoye8\Material.hpp(243,29): warning C4305: “参数”: 从“double”到“float”截断
C:\Users\Xinyue54321\source\repos\zuoye2\zuoye8\Material.hpp(245,59): warning C4244: “参数”: 从“double”转换到“const float”，可能丢失数据
C:\Users\Xinyue54321\source\repos\zuoye2\zuoye8\Scene.hpp(23,60): warning C4305: “参数”: 从“double”到“float”截断
C:\Users\Xinyue54321\source\repos\zuoye2\zuoye8\Scene.hpp(23,51): warning C4305: “参数”: 从“double”到“float”截断
C:\Users\Xinyue54321\source\repos\zuoye2\zuoye8\Scene.hpp(23,41): warning C4305: “参数”: 从“double”到“float”截断
C:\Users\Xinyue54321\source\repos\zuoye2\zuoye8\Scene.hpp(25,29): warning C4305: “初始化”: 从“double”到“float”截断
C:\Users\Xinyue54321\source\repos\zuoye2\zuoye8\OBJ_Loader.hpp(944,33): warning C4244: “初始化”: 从“double”转换到“float”，可能丢失数据
C:\Users\Xinyue54321\source\repos\zuoye2\zuoye8\Triangle.hpp(181,23): warning C4244: “初始化”: 从“int”转换到“float”，可能丢失数据
C:\Users\Xinyue54321\source\repos\zuoye2\zuoye8\Triangle.hpp(184,44): warning C4305: “参数”: 从“double”到“float”截断
C:\Users\Xinyue54321\source\repos\zuoye2\zuoye8\Triangle.hpp(184,37): warning C4305: “参数”: 从“double”到“float”截断
C:\Users\Xinyue54321\source\repos\zuoye2\zuoye8\Triangle.hpp(184,30): warning C4305: “参数”: 从“double”到“float”截断
C:\Users\Xinyue54321\source\repos\zuoye2\zuoye8\Triangle.hpp(183,44): warning C4305: “参数”: 从“double”到“float”截断
C:\Users\Xinyue54321\source\repos\zuoye2\zuoye8\Triangle.hpp(183,37): warning C4305: “参数”: 从“double”到“float”截断
C:\Users\Xinyue54321\source\repos\zuoye2\zuoye8\Triangle.hpp(183,30): warning C4305: “参数”: 从“double”到“float”截断
C:\Users\Xinyue54321\source\repos\zuoye2\zuoye8\Triangle.hpp(257,49): warning C4244: “参数”: 从“double”转换到“const float”，可能丢失数据
C:\Users\Xinyue54321\source\repos\zuoye2\zuoye8\Sphere.hpp(85,21): warning C4244: “初始化”: 从“double”转换到“float”，可能丢失数据
  正在生成代码...
C:\Users\Xinyue54321\source\repos\zuoye2\zuoye8\Material.hpp(263): warning C4715: “Material::eval”: 不是所有的控件路径都返回值
C:\Users\Xinyue54321\source\repos\zuoye2\zuoye8\Material.hpp(188): warning C4715: “Material::pdf”: 不是所有的控件路径都返回值
C:\Users\Xinyue54321\source\repos\zuoye2\zuoye8\Material.hpp(166): warning C4715: “Material::sample”: 不是所有的控件路径都返回值
  zuoye8.vcxproj -> C:\Users\Xinyue54321\source\repos\zuoye2\x64\Debug\zuoye8.exe
